<?xml version="1.0" encoding="UTF-8"?>
<testng-results ignored="0" total="1" passed="1" failed="0" skipped="0">
  <reporter-output>
  </reporter-output>
  <suite started-at="2022-06-20T15:11:45 IST" name="Default suite" finished-at="2022-06-20T15:11:58 IST" duration-ms="13756">
    <groups>
    </groups>
    <test started-at="2022-06-20T15:11:45 IST" name="Default test" finished-at="2022-06-20T15:11:58 IST" duration-ms="13756">
      <class name="com.testcases.TC01">
        <test-method is-config="true" signature="setUp()[pri:0, instance:com.testcases.TC01@14555e0a]" started-at="2022-06-20T15:11:45 IST" name="setUp" finished-at="2022-06-20T15:11:48 IST" duration-ms="3526" status="PASS">
          <reporter-output>
          </reporter-output>
        </test-method> <!-- setUp -->
        <test-method signature="test_1()[pri:0, instance:com.testcases.TC01@14555e0a]" started-at="2022-06-20T15:11:48 IST" name="test_1" finished-at="2022-06-20T15:11:56 IST" duration-ms="7518" status="PASS">
          <reporter-output>
          </reporter-output>
        </test-method> <!-- test_1 -->
        <test-method is-config="true" signature="closeBrowser()[pri:0, instance:com.testcases.TC01@14555e0a]" started-at="2022-06-20T15:11:56 IST" name="closeBrowser" finished-at="2022-06-20T15:11:58 IST" duration-ms="2683" status="PASS">
          <reporter-output>
          </reporter-output>
        </test-method> <!-- closeBrowser -->
      </class> <!-- com.testcases.TC01 -->
    </test> <!-- Default test -->
  </suite> <!-- Default suite -->
</testng-results>
